  main.cpp
C:\Data\Coding\CUBOX AI\C++\sfml_brick_break\sfml_brick_break\main.cpp(8,12): warning C4244: 'argument': conversion from 'time_t' to 'unsigned int', possible loss of data
C:\Data\Coding\CUBOX AI\C++\sfml_brick_break\sfml_brick_break\main.cpp(31,41): warning C4244: 'argument': conversion from 'T' to 'float', possible loss of data
C:\Data\Coding\CUBOX AI\C++\sfml_brick_break\sfml_brick_break\main.cpp(31,41): warning C4244:         with
C:\Data\Coding\CUBOX AI\C++\sfml_brick_break\sfml_brick_break\main.cpp(31,41): warning C4244:         [
C:\Data\Coding\CUBOX AI\C++\sfml_brick_break\sfml_brick_break\main.cpp(31,41): warning C4244:             T=unsigned int
C:\Data\Coding\CUBOX AI\C++\sfml_brick_break\sfml_brick_break\main.cpp(31,41): warning C4244:         ]
C:\Data\Coding\CUBOX AI\C++\sfml_brick_break\sfml_brick_break\main.cpp(31,28): warning C4244: 'argument': conversion from 'T' to 'float', possible loss of data
C:\Data\Coding\CUBOX AI\C++\sfml_brick_break\sfml_brick_break\main.cpp(31,28): warning C4244:         with
C:\Data\Coding\CUBOX AI\C++\sfml_brick_break\sfml_brick_break\main.cpp(31,28): warning C4244:         [
C:\Data\Coding\CUBOX AI\C++\sfml_brick_break\sfml_brick_break\main.cpp(31,28): warning C4244:             T=unsigned int
C:\Data\Coding\CUBOX AI\C++\sfml_brick_break\sfml_brick_break\main.cpp(31,28): warning C4244:         ]
C:\Data\Coding\CUBOX AI\C++\sfml_brick_break\sfml_brick_break\main.cpp(48,78): warning C4244: 'argument': conversion from 'T' to 'T', possible loss of data
C:\Data\Coding\CUBOX AI\C++\sfml_brick_break\sfml_brick_break\main.cpp(48,78): warning C4244:         with
C:\Data\Coding\CUBOX AI\C++\sfml_brick_break\sfml_brick_break\main.cpp(48,78): warning C4244:         [
C:\Data\Coding\CUBOX AI\C++\sfml_brick_break\sfml_brick_break\main.cpp(48,78): warning C4244:             T=unsigned int
C:\Data\Coding\CUBOX AI\C++\sfml_brick_break\sfml_brick_break\main.cpp(48,78): warning C4244:         ]
C:\Data\Coding\CUBOX AI\C++\sfml_brick_break\sfml_brick_break\main.cpp(48,78): warning C4244:         and
C:\Data\Coding\CUBOX AI\C++\sfml_brick_break\sfml_brick_break\main.cpp(48,78): warning C4244:         [
C:\Data\Coding\CUBOX AI\C++\sfml_brick_break\sfml_brick_break\main.cpp(48,78): warning C4244:             T=float
C:\Data\Coding\CUBOX AI\C++\sfml_brick_break\sfml_brick_break\main.cpp(48,78): warning C4244:         ]
C:\Data\Coding\CUBOX AI\C++\sfml_brick_break\sfml_brick_break\main.cpp(48,62): warning C4244: 'argument': conversion from 'T' to 'T', possible loss of data
C:\Data\Coding\CUBOX AI\C++\sfml_brick_break\sfml_brick_break\main.cpp(48,62): warning C4244:         with
C:\Data\Coding\CUBOX AI\C++\sfml_brick_break\sfml_brick_break\main.cpp(48,62): warning C4244:         [
C:\Data\Coding\CUBOX AI\C++\sfml_brick_break\sfml_brick_break\main.cpp(48,62): warning C4244:             T=unsigned int
C:\Data\Coding\CUBOX AI\C++\sfml_brick_break\sfml_brick_break\main.cpp(48,62): warning C4244:         ]
C:\Data\Coding\CUBOX AI\C++\sfml_brick_break\sfml_brick_break\main.cpp(48,62): warning C4244:         and
C:\Data\Coding\CUBOX AI\C++\sfml_brick_break\sfml_brick_break\main.cpp(48,62): warning C4244:         [
C:\Data\Coding\CUBOX AI\C++\sfml_brick_break\sfml_brick_break\main.cpp(48,62): warning C4244:             T=float
C:\Data\Coding\CUBOX AI\C++\sfml_brick_break\sfml_brick_break\main.cpp(48,62): warning C4244:         ]
C:\Data\Coding\CUBOX AI\C++\sfml_brick_break\sfml_brick_break\main.cpp(73,9): warning C4244: '=': conversion from 'int' to 'float', possible loss of data
main.obj : error LNK2019: unresolved external symbol "__declspec(dllimport) public: __cdecl sf::String::String(char const *,class std::locale const &)" (__imp_??0String@sf@@QEAA@PEBDAEBVlocale@std@@@Z) referenced in function main
main.obj : error LNK2019: unresolved external symbol "__declspec(dllimport) public: __cdecl sf::String::~String(void)" (__imp_??1String@sf@@QEAA@XZ) referenced in function main
main.obj : error LNK2019: unresolved external symbol "__declspec(dllimport) public: static bool __cdecl sf::Keyboard::isKeyPressed(enum sf::Keyboard::Key)" (__imp_?isKeyPressed@Keyboard@sf@@SA_NW4Key@12@@Z) referenced in function main
main.obj : error LNK2019: unresolved external symbol "__declspec(dllimport) public: __cdecl sf::VideoMode::VideoMode(unsigned int,unsigned int,unsigned int)" (__imp_??0VideoMode@sf@@QEAA@III@Z) referenced in function main
main.obj : error LNK2019: unresolved external symbol "__declspec(dllimport) public: bool __cdecl sf::WindowBase::isOpen(void)const " (__imp_?isOpen@WindowBase@sf@@QEBA_NXZ) referenced in function main
main.obj : error LNK2019: unresolved external symbol "__declspec(dllimport) public: bool __cdecl sf::WindowBase::pollEvent(class sf::Event &)" (__imp_?pollEvent@WindowBase@sf@@QEAA_NAEAVEvent@2@@Z) referenced in function main
main.obj : error LNK2019: unresolved external symbol "__declspec(dllimport) public: virtual void __cdecl sf::Window::close(void)" (__imp_?close@Window@sf@@UEAAXXZ) referenced in function main
main.obj : error LNK2019: unresolved external symbol "__declspec(dllimport) public: void __cdecl sf::Window::setFramerateLimit(unsigned int)" (__imp_?setFramerateLimit@Window@sf@@QEAAXI@Z) referenced in function main
main.obj : error LNK2019: unresolved external symbol "__declspec(dllimport) public: void __cdecl sf::Window::display(void)" (__imp_?display@Window@sf@@QEAAXXZ) referenced in function main
main.obj : error LNK2019: unresolved external symbol "__declspec(dllimport) public: void __cdecl sf::Transformable::setPosition(float,float)" (__imp_?setPosition@Transformable@sf@@QEAAXMM@Z) referenced in function main
main.obj : error LNK2019: unresolved external symbol "__declspec(dllimport) public: class sf::Vector2<float> const & __cdecl sf::Transformable::getPosition(void)const " (__imp_?getPosition@Transformable@sf@@QEBAAEBV?$Vector2@M@2@XZ) referenced in function main
main.obj : error LNK2019: unresolved external symbol "__declspec(dllimport) public: void __cdecl sf::Transformable::move(float,float)" (__imp_?move@Transformable@sf@@QEAAXMM@Z) referenced in function main
main.obj : error LNK2019: unresolved external symbol "__declspec(dllimport) public: __cdecl sf::Color::Color(unsigned char,unsigned char,unsigned char,unsigned char)" (__imp_??0Color@sf@@QEAA@EEEE@Z) referenced in function main
main.obj : error LNK2019: unresolved external symbol "__declspec(dllimport) public: __cdecl sf::Texture::Texture(void)" (__imp_??0Texture@sf@@QEAA@XZ) referenced in function main
main.obj : error LNK2019: unresolved external symbol "__declspec(dllimport) public: __cdecl sf::Texture::~Texture(void)" (__imp_??1Texture@sf@@QEAA@XZ) referenced in function main
main.obj : error LNK2019: unresolved external symbol "__declspec(dllimport) public: bool __cdecl sf::Texture::loadFromFile(class std::basic_string<char,struct std::char_traits<char>,class std::allocator<char> > const &,class sf::Rect<int> const &)" (__imp_?loadFromFile@Texture@sf@@QEAA_NAEBV?$basic_string@DU?$char_traits@D@std@@V?$allocator@D@2@@std@@AEBV?$Rect@H@2@@Z) referenced in function main
main.obj : error LNK2019: unresolved external symbol "__declspec(dllimport) public: class sf::Vector2<unsigned int> __cdecl sf::Texture::getSize(void)const " (__imp_?getSize@Texture@sf@@QEBA?AV?$Vector2@I@2@XZ) referenced in function main
main.obj : error LNK2019: unresolved external symbol "__declspec(dllimport) public: void __cdecl sf::RenderTarget::clear(class sf::Color const &)" (__imp_?clear@RenderTarget@sf@@QEAAXAEBVColor@2@@Z) referenced in function main
main.obj : error LNK2019: unresolved external symbol "__declspec(dllimport) public: void __cdecl sf::RenderTarget::draw(class sf::Drawable const &,class sf::RenderStates const &)" (__imp_?draw@RenderTarget@sf@@QEAAXAEBVDrawable@2@AEBVRenderStates@2@@Z) referenced in function main
main.obj : error LNK2019: unresolved external symbol "__declspec(dllimport) public: __cdecl sf::RenderWindow::RenderWindow(class sf::VideoMode,class sf::String const &,unsigned int,struct sf::ContextSettings const &)" (__imp_??0RenderWindow@sf@@QEAA@VVideoMode@1@AEBVString@1@IAEBUContextSettings@1@@Z) referenced in function main
main.obj : error LNK2019: unresolved external symbol "__declspec(dllimport) public: virtual __cdecl sf::RenderWindow::~RenderWindow(void)" (__imp_??1RenderWindow@sf@@UEAA@XZ) referenced in function main
main.obj : error LNK2019: unresolved external symbol "__declspec(dllimport) public: __cdecl sf::Sprite::Sprite(void)" (__imp_??0Sprite@sf@@QEAA@XZ) referenced in function "public: static void __cdecl std::_Default_allocator_traits<class std::allocator<class sf::Sprite> >::construct<class sf::Sprite>(class std::allocator<class sf::Sprite> &,class sf::Sprite * const)" (??$construct@VSprite@sf@@$$V@?$_Default_allocator_traits@V?$allocator@VSprite@sf@@@std@@@std@@SAXAEAV?$allocator@VSprite@sf@@@1@QEAVSprite@sf@@@Z)
main.obj : error LNK2019: unresolved external symbol "__declspec(dllimport) public: __cdecl sf::Sprite::Sprite(class sf::Texture const &)" (__imp_??0Sprite@sf@@QEAA@AEBVTexture@1@@Z) referenced in function main
main.obj : error LNK2019: unresolved external symbol "__declspec(dllimport) public: void __cdecl sf::Sprite::setTexture(class sf::Texture const &,bool)" (__imp_?setTexture@Sprite@sf@@QEAAXAEBVTexture@2@_N@Z) referenced in function main
main.obj : error LNK2019: unresolved external symbol "__declspec(dllimport) public: class sf::Rect<float> __cdecl sf::Sprite::getGlobalBounds(void)const " (__imp_?getGlobalBounds@Sprite@sf@@QEBA?AV?$Rect@M@2@XZ) referenced in function main
main.obj : error LNK2019: unresolved external symbol "__declspec(dllimport) public: virtual __cdecl sf::Sprite::~Sprite(void)" (__imp_??1Sprite@sf@@UEAA@XZ) referenced in function "public: virtual void * __cdecl sf::Sprite::`scalar deleting destructor'(unsigned int)" (??_GSprite@sf@@UEAAPEAXI@Z)
main.obj : error LNK2019: unresolved external symbol "__declspec(dllimport) public: class sf::Sprite & __cdecl sf::Sprite::operator=(class sf::Sprite &&)" (__imp_??4Sprite@sf@@QEAAAEAV01@$$QEAV01@@Z) referenced in function "class sf::Sprite * __cdecl std::_Move_unchecked<class sf::Sprite *,class sf::Sprite *>(class sf::Sprite *,class sf::Sprite *,class sf::Sprite *)" (??$_Move_unchecked@PEAVSprite@sf@@PEAV12@@std@@YAPEAVSprite@sf@@PEAV12@00@Z)
main.obj : error LNK2001: unresolved external symbol "private: virtual void __cdecl sf::Sprite::draw(class sf::RenderTarget &,class sf::RenderStates)const " (?draw@Sprite@sf@@EEBAXAEAVRenderTarget@2@VRenderStates@2@@Z)
main.obj : error LNK2019: unresolved external symbol "__declspec(dllimport) public: static class sf::RenderStates const sf::RenderStates::Default" (__imp_?Default@RenderStates@sf@@2V12@B) referenced in function main
C:\SFML-2.6.1\lib\sfml-graphics-d.lib : warning LNK4272: library machine type 'x86' conflicts with target machine type 'x64'
C:\SFML-2.6.1\lib\sfml-window-d.lib : warning LNK4272: library machine type 'x86' conflicts with target machine type 'x64'
C:\SFML-2.6.1\lib\sfml-system-d.lib : warning LNK4272: library machine type 'x86' conflicts with target machine type 'x64'
C:\Data\Coding\CUBOX AI\C++\sfml_brick_break\x64\Debug\sfml_brick_break.exe : fatal error LNK1120: 29 unresolved externals
